2016-11-27 19:35:27 INFO  GenerationTool:328 - Initialising properties  : /gestionAccount.xml
2016-11-27 19:35:28 WARN  GenerationTool:384 - Unmarshal warning        : cvc-complex-type.2.4.b : Le contenu de l'élément 'target' n'est pas complet. L'un des éléments '{"http://www.jooq.org/xsd/jooq-codegen-3.8.0.xsd":encoding}' est attendu.
2016-11-27 19:35:28 INFO  JavaGenerator:328 - License parameters       
2016-11-27 19:35:28 INFO  JavaGenerator:328 - ----------------------------------------------------------
2016-11-27 19:35:28 INFO  JavaGenerator:328 -   Thank you for using jOOQ and jOOQ's code generator
2016-11-27 19:35:28 INFO  JavaGenerator:328 -                          
2016-11-27 19:35:28 INFO  JavaGenerator:328 - Database parameters      
2016-11-27 19:35:28 INFO  JavaGenerator:328 - ----------------------------------------------------------
2016-11-27 19:35:28 INFO  JavaGenerator:328 -   dialect                : MYSQL
2016-11-27 19:35:28 INFO  JavaGenerator:328 -   URL                    : jdbc:mysql://localhost:3306/gestionAccount
2016-11-27 19:35:28 INFO  JavaGenerator:328 -   target dir             : /home/yousra/workspace2/ProjectJOOQ/src
2016-11-27 19:35:28 INFO  JavaGenerator:328 -   target package         : test.generated
2016-11-27 19:35:28 INFO  JavaGenerator:328 -   includes               : [.*]
2016-11-27 19:35:28 INFO  JavaGenerator:328 -   excludes               : []
2016-11-27 19:35:28 INFO  JavaGenerator:328 -   includeExcludeColumns  : false
2016-11-27 19:35:28 INFO  JavaGenerator:328 - ----------------------------------------------------------
2016-11-27 19:35:28 INFO  JavaGenerator:328 -                          
2016-11-27 19:35:28 INFO  JavaGenerator:328 - DefaultGenerator parameters
2016-11-27 19:35:28 INFO  JavaGenerator:328 - ----------------------------------------------------------
2016-11-27 19:35:28 INFO  JavaGenerator:328 -   strategy               : class org.jooq.util.DefaultGeneratorStrategy
2016-11-27 19:35:28 INFO  JavaGenerator:328 -   deprecated             : true
2016-11-27 19:35:28 INFO  JavaGenerator:328 -   generated annotation   : true
2016-11-27 19:35:28 INFO  JavaGenerator:328 -   JPA annotations        : false
2016-11-27 19:35:28 INFO  JavaGenerator:328 -   validation annotations : false
2016-11-27 19:35:28 INFO  JavaGenerator:328 -   instance fields        : true
2016-11-27 19:35:28 INFO  JavaGenerator:328 -   records                : true
2016-11-27 19:35:28 INFO  JavaGenerator:328 -   pojos                  : false
2016-11-27 19:35:28 INFO  JavaGenerator:328 -   immutable pojos        : false
2016-11-27 19:35:28 INFO  JavaGenerator:328 -   interfaces             : false
2016-11-27 19:35:28 INFO  JavaGenerator:328 -   daos                   : false
2016-11-27 19:35:28 INFO  JavaGenerator:328 -   relations              : true
2016-11-27 19:35:28 INFO  JavaGenerator:328 -   table-valued functions : false
2016-11-27 19:35:28 INFO  JavaGenerator:328 -   global references      : true
2016-11-27 19:35:28 INFO  JavaGenerator:328 - ----------------------------------------------------------
2016-11-27 19:35:28 INFO  JavaGenerator:328 -                          
2016-11-27 19:35:28 INFO  JavaGenerator:328 - Generation remarks       
2016-11-27 19:35:28 INFO  JavaGenerator:328 - ----------------------------------------------------------
2016-11-27 19:35:28 INFO  JavaGenerator:328 -   none                   
2016-11-27 19:35:28 INFO  JavaGenerator:328 -                          
2016-11-27 19:35:28 INFO  JavaGenerator:328 - ----------------------------------------------------------
2016-11-27 19:35:28 INFO  JavaGenerator:328 - Generating catalogs      : Total: 1
2016-11-27 19:35:28 INFO  JavaGenerator:328 - No schema version is applied for catalog . Regenerating.
2016-11-27 19:35:28 INFO  JavaGenerator:328 -                          
2016-11-27 19:35:28 INFO  JavaGenerator:328 - Generating catalog       : DefaultCatalog.java
2016-11-27 19:35:28 INFO  JavaGenerator:328 - ==========================================================
2016-11-27 19:35:29 INFO  Constants:328 - 
                                      
@@@@@@@@@@@@@@@@@@@@@@@@@@@@@@@@@@@@@@
@@@@@@@@@@@@@@@@@@@@@@@@@@@@@@@@@@@@@@
@@@@@@@@@@@@@@@@  @@        @@@@@@@@@@
@@@@@@@@@@@@@@@@@@@@        @@@@@@@@@@
@@@@@@@@@@@@@@@@  @@  @@    @@@@@@@@@@
@@@@@@@@@@  @@@@  @@  @@    @@@@@@@@@@
@@@@@@@@@@        @@        @@@@@@@@@@
@@@@@@@@@@@@@@@@@@@@@@@@@@@@@@@@@@@@@@
@@@@@@@@@@@@@@@@@@@@@@@@@@@@@@@@@@@@@@
@@@@@@@@@@        @@        @@@@@@@@@@
@@@@@@@@@@    @@  @@  @@@@  @@@@@@@@@@
@@@@@@@@@@    @@  @@  @@@@  @@@@@@@@@@
@@@@@@@@@@        @@  @  @  @@@@@@@@@@
@@@@@@@@@@        @@        @@@@@@@@@@
@@@@@@@@@@@@@@@@@@@@@@@  @@@@@@@@@@@@@
@@@@@@@@@@@@@@@@@@@@@@@@@@@@@@@@@@@@@@
@@@@@@@@@@@@@@@@@@@@@@@@@@@@@@@@@@@@@@  Thank you for using jOOQ 3.8.6
                                      
2016-11-27 19:35:29 DEBUG LoggerListener:256 - Executing query          : select 1 as `one` from dual
2016-11-27 19:35:29 DEBUG StopWatch:256 - Query executed           : Total: 116.691ms
2016-11-27 19:35:29 DEBUG LoggerListener:256 - Fetched result           : +----+
2016-11-27 19:35:29 DEBUG LoggerListener:256 -                          : | one|
2016-11-27 19:35:29 DEBUG LoggerListener:256 -                          : +----+
2016-11-27 19:35:29 DEBUG LoggerListener:256 -                          : |   1|
2016-11-27 19:35:29 DEBUG LoggerListener:256 -                          : +----+
2016-11-27 19:35:29 DEBUG StopWatch:256 - Finishing                : Total: 160.628ms, +43.937ms
2016-11-27 19:35:29 DEBUG LoggerListener:256 - Executing query          : select `information_schema`.`SCHEMATA`.`SCHEMA_NAME` from `information_schema`.`SCHEMATA`
2016-11-27 19:35:29 DEBUG StopWatch:256 - Query executed           : Total: 164.837ms
2016-11-27 19:35:29 DEBUG LoggerListener:256 - Fetched result           : +------------------+
2016-11-27 19:35:29 DEBUG LoggerListener:256 -                          : |SCHEMA_NAME       |
2016-11-27 19:35:29 DEBUG LoggerListener:256 -                          : +------------------+
2016-11-27 19:35:29 DEBUG LoggerListener:256 -                          : |information_schema|
2016-11-27 19:35:29 DEBUG LoggerListener:256 -                          : |gestionAccount    |
2016-11-27 19:35:29 DEBUG LoggerListener:256 -                          : |library           |
2016-11-27 19:35:29 DEBUG LoggerListener:256 -                          : |mysql             |
2016-11-27 19:35:29 DEBUG LoggerListener:256 -                          : |performance_schema|
2016-11-27 19:35:29 DEBUG LoggerListener:256 -                          : +------------------+
2016-11-27 19:35:29 DEBUG LoggerListener:256 -                          : |...1 record(s) truncated...
2016-11-27 19:35:29 DEBUG StopWatch:256 - Finishing                : Total: 168.584ms, +3.746ms
2016-11-27 19:35:29 INFO  JavaGenerator:328 - Generating schemata      : Total: 1
2016-11-27 19:35:29 INFO  JavaGenerator:328 - No schema version is applied for schema gestionAccount. Regenerating.
2016-11-27 19:35:29 INFO  JavaGenerator:328 - Generating schema        : Gestionaccount.java
2016-11-27 19:35:29 INFO  JavaGenerator:328 - ----------------------------------------------------------
2016-11-27 19:35:29 DEBUG LoggerListener:256 - Executing query          : select `information_schema`.`TABLES`.`TABLE_SCHEMA`, `information_schema`.`TABLES`.`TABLE_NAME`, `information_schema`.`TABLES`.`TABLE_COMMENT` from `information_schema`.`TABLES` where `information_schema`.`TABLES`.`TABLE_SCHEMA` in (?) order by `information_schema`.`TABLES`.`TABLE_SCHEMA` asc, `information_schema`.`TABLES`.`TABLE_NAME` asc
2016-11-27 19:35:29 DEBUG LoggerListener:256 - -> with bind values      : select `information_schema`.`TABLES`.`TABLE_SCHEMA`, `information_schema`.`TABLES`.`TABLE_NAME`, `information_schema`.`TABLES`.`TABLE_COMMENT` from `information_schema`.`TABLES` where `information_schema`.`TABLES`.`TABLE_SCHEMA` in ('gestionAccount') order by `information_schema`.`TABLES`.`TABLE_SCHEMA` asc, `information_schema`.`TABLES`.`TABLE_NAME` asc
2016-11-27 19:35:29 DEBUG StopWatch:256 - Query executed           : Total: 3.052ms
2016-11-27 19:35:29 DEBUG LoggerListener:256 - Fetched result           : +--------------+----------+-------------+
2016-11-27 19:35:29 DEBUG LoggerListener:256 -                          : |TABLE_SCHEMA  |TABLE_NAME|TABLE_COMMENT|
2016-11-27 19:35:29 DEBUG LoggerListener:256 -                          : +--------------+----------+-------------+
2016-11-27 19:35:29 DEBUG LoggerListener:256 -                          : |gestionAccount|account   |             |
2016-11-27 19:35:29 DEBUG LoggerListener:256 -                          : |gestionAccount|user      |             |
2016-11-27 19:35:29 DEBUG LoggerListener:256 -                          : +--------------+----------+-------------+
2016-11-27 19:35:29 DEBUG StopWatch:256 - Finishing                : Total: 5.011ms, +1.959ms
2016-11-27 19:35:29 DEBUG AbstractDatabase:256 - Include                  : Including gestionAccount.account because of pattern .*
2016-11-27 19:35:29 DEBUG AbstractDatabase:256 - Include                  : Including gestionAccount.user because of pattern .*
2016-11-27 19:35:29 INFO  AbstractDatabase:328 - Tables fetched           : 2 (2 included, 0 excluded)
2016-11-27 19:35:29 INFO  AbstractDatabase:328 - Sequences fetched        : 0 (0 included, 0 excluded)
2016-11-27 19:35:29 INFO  AbstractDatabase:328 - UDTs fetched             : 0 (0 included, 0 excluded)
2016-11-27 19:35:29 INFO  JavaGenerator:328 - Generating tables        
2016-11-27 19:35:29 DEBUG LoggerListener:256 - Executing query          : select `information_schema`.`COLUMNS`.`ORDINAL_POSITION`, `information_schema`.`COLUMNS`.`COLUMN_NAME`, `information_schema`.`COLUMNS`.`COLUMN_COMMENT`, `information_schema`.`COLUMNS`.`COLUMN_TYPE`, `information_schema`.`COLUMNS`.`DATA_TYPE`, `information_schema`.`COLUMNS`.`IS_NULLABLE`, `information_schema`.`COLUMNS`.`COLUMN_DEFAULT`, `information_schema`.`COLUMNS`.`CHARACTER_MAXIMUM_LENGTH`, `information_schema`.`COLUMNS`.`NUMERIC_PRECISION`, `information_schema`.`COLUMNS`.`NUMERIC_SCALE`, `information_schema`.`COLUMNS`.`EXTRA` from `information_schema`.`COLUMNS` where (`information_schema`.`COLUMNS`.`TABLE_SCHEMA` = ? and `information_schema`.`COLUMNS`.`TABLE_NAME` = ?) order by `information_schema`.`COLUMNS`.`ORDINAL_POSITION` asc
2016-11-27 19:35:29 DEBUG LoggerListener:256 - -> with bind values      : select `information_schema`.`COLUMNS`.`ORDINAL_POSITION`, `information_schema`.`COLUMNS`.`COLUMN_NAME`, `information_schema`.`COLUMNS`.`COLUMN_COMMENT`, `information_schema`.`COLUMNS`.`COLUMN_TYPE`, `information_schema`.`COLUMNS`.`DATA_TYPE`, `information_schema`.`COLUMNS`.`IS_NULLABLE`, `information_schema`.`COLUMNS`.`COLUMN_DEFAULT`, `information_schema`.`COLUMNS`.`CHARACTER_MAXIMUM_LENGTH`, `information_schema`.`COLUMNS`.`NUMERIC_PRECISION`, `information_schema`.`COLUMNS`.`NUMERIC_SCALE`, `information_schema`.`COLUMNS`.`EXTRA` from `information_schema`.`COLUMNS` where (`information_schema`.`COLUMNS`.`TABLE_SCHEMA` = 'gestionAccount' and `information_schema`.`COLUMNS`.`TABLE_NAME` = 'account') order by `information_schema`.`COLUMNS`.`ORDINAL_POSITION` asc
2016-11-27 19:35:29 DEBUG StopWatch:256 - Query executed           : Total: 3.899ms
2016-11-27 19:35:29 DEBUG LoggerListener:256 - Fetched result           : +----------------+-----------+--------------+------------+---------+-----------+--------------+------------------------+-----------------+-------------+-----+
2016-11-27 19:35:29 DEBUG LoggerListener:256 -                          : |ORDINAL_POSITION|COLUMN_NAME|COLUMN_COMMENT|COLUMN_TYPE |DATA_TYPE|IS_NULLABLE|COLUMN_DEFAULT|CHARACTER_MAXIMUM_LENGTH|NUMERIC_PRECISION|NUMERIC_SCALE|EXTRA|
2016-11-27 19:35:29 DEBUG LoggerListener:256 -                          : +----------------+-----------+--------------+------------+---------+-----------+--------------+------------------------+-----------------+-------------+-----+
2016-11-27 19:35:29 DEBUG LoggerListener:256 -                          : |               1|id         |              |bigint(20)  |bigint   |NO         |{null}        |                  {null}|               19|            0|     |
2016-11-27 19:35:29 DEBUG LoggerListener:256 -                          : |               2|id_u       |              |bigint(20)  |bigint   |YES        |{null}        |                  {null}|               19|            0|     |
2016-11-27 19:35:29 DEBUG LoggerListener:256 -                          : |               3|name       |              |varchar(255)|varchar  |YES        |{null}        |                     255|           {null}|       {null}|     |
2016-11-27 19:35:29 DEBUG LoggerListener:256 -                          : +----------------+-----------+--------------+------------+---------+-----------+--------------+------------------------+-----------------+-------------+-----+
2016-11-27 19:35:29 DEBUG StopWatch:256 - Finishing                : Total: 11.723ms, +7.823ms
2016-11-27 19:35:29 DEBUG LoggerListener:256 - Executing query          : select `information_schema`.`STATISTICS`.`TABLE_SCHEMA`, `information_schema`.`STATISTICS`.`TABLE_NAME`, `information_schema`.`STATISTICS`.`COLUMN_NAME`, `information_schema`.`STATISTICS`.`INDEX_NAME` from `information_schema`.`STATISTICS` where (`information_schema`.`STATISTICS`.`TABLE_SCHEMA` in (?) and `information_schema`.`STATISTICS`.`INDEX_NAME` = 'PRIMARY') order by `information_schema`.`STATISTICS`.`TABLE_SCHEMA` asc, `information_schema`.`STATISTICS`.`TABLE_NAME` asc, `information_schema`.`STATISTICS`.`INDEX_NAME` asc, `information_schema`.`STATISTICS`.`SEQ_IN_INDEX` asc
2016-11-27 19:35:29 DEBUG LoggerListener:256 - -> with bind values      : select `information_schema`.`STATISTICS`.`TABLE_SCHEMA`, `information_schema`.`STATISTICS`.`TABLE_NAME`, `information_schema`.`STATISTICS`.`COLUMN_NAME`, `information_schema`.`STATISTICS`.`INDEX_NAME` from `information_schema`.`STATISTICS` where (`information_schema`.`STATISTICS`.`TABLE_SCHEMA` in ('gestionAccount') and `information_schema`.`STATISTICS`.`INDEX_NAME` = 'PRIMARY') order by `information_schema`.`STATISTICS`.`TABLE_SCHEMA` asc, `information_schema`.`STATISTICS`.`TABLE_NAME` asc, `information_schema`.`STATISTICS`.`INDEX_NAME` asc, `information_schema`.`STATISTICS`.`SEQ_IN_INDEX` asc
2016-11-27 19:35:29 DEBUG StopWatch:256 - Query executed           : Total: 3.179ms
2016-11-27 19:35:29 DEBUG LoggerListener:256 - Fetched result           : +--------------+----------+-----------+----------+
2016-11-27 19:35:29 DEBUG LoggerListener:256 -                          : |TABLE_SCHEMA  |TABLE_NAME|COLUMN_NAME|INDEX_NAME|
2016-11-27 19:35:29 DEBUG LoggerListener:256 -                          : +--------------+----------+-----------+----------+
2016-11-27 19:35:29 DEBUG LoggerListener:256 -                          : |gestionAccount|account   |id         |PRIMARY   |
2016-11-27 19:35:29 DEBUG LoggerListener:256 -                          : |gestionAccount|user      |id         |PRIMARY   |
2016-11-27 19:35:29 DEBUG LoggerListener:256 -                          : +--------------+----------+-----------+----------+
2016-11-27 19:35:29 DEBUG StopWatch:256 - Finishing                : Total: 5.907ms, +2.728ms
2016-11-27 19:35:29 DEBUG DefaultRelations:256 - Adding primary key       : KEY_account_PRIMARY (gestionAccount.account.id)
2016-11-27 19:35:29 DEBUG LoggerListener:256 - Executing query          : select `information_schema`.`COLUMNS`.`ORDINAL_POSITION`, `information_schema`.`COLUMNS`.`COLUMN_NAME`, `information_schema`.`COLUMNS`.`COLUMN_COMMENT`, `information_schema`.`COLUMNS`.`COLUMN_TYPE`, `information_schema`.`COLUMNS`.`DATA_TYPE`, `information_schema`.`COLUMNS`.`IS_NULLABLE`, `information_schema`.`COLUMNS`.`COLUMN_DEFAULT`, `information_schema`.`COLUMNS`.`CHARACTER_MAXIMUM_LENGTH`, `information_schema`.`COLUMNS`.`NUMERIC_PRECISION`, `information_schema`.`COLUMNS`.`NUMERIC_SCALE`, `information_schema`.`COLUMNS`.`EXTRA` from `information_schema`.`COLUMNS` where (`information_schema`.`COLUMNS`.`TABLE_SCHEMA` = ? and `information_schema`.`COLUMNS`.`TABLE_NAME` = ?) order by `information_schema`.`COLUMNS`.`ORDINAL_POSITION` asc
2016-11-27 19:35:29 DEBUG LoggerListener:256 - -> with bind values      : select `information_schema`.`COLUMNS`.`ORDINAL_POSITION`, `information_schema`.`COLUMNS`.`COLUMN_NAME`, `information_schema`.`COLUMNS`.`COLUMN_COMMENT`, `information_schema`.`COLUMNS`.`COLUMN_TYPE`, `information_schema`.`COLUMNS`.`DATA_TYPE`, `information_schema`.`COLUMNS`.`IS_NULLABLE`, `information_schema`.`COLUMNS`.`COLUMN_DEFAULT`, `information_schema`.`COLUMNS`.`CHARACTER_MAXIMUM_LENGTH`, `information_schema`.`COLUMNS`.`NUMERIC_PRECISION`, `information_schema`.`COLUMNS`.`NUMERIC_SCALE`, `information_schema`.`COLUMNS`.`EXTRA` from `information_schema`.`COLUMNS` where (`information_schema`.`COLUMNS`.`TABLE_SCHEMA` = 'gestionAccount' and `information_schema`.`COLUMNS`.`TABLE_NAME` = 'user') order by `information_schema`.`COLUMNS`.`ORDINAL_POSITION` asc
2016-11-27 19:35:29 DEBUG StopWatch:256 - Query executed           : Total: 3.673ms
2016-11-27 19:35:29 DEBUG LoggerListener:256 - Fetched result           : +----------------+-----------+--------------+------------+---------+-----------+--------------+------------------------+-----------------+-------------+-----+
2016-11-27 19:35:29 DEBUG LoggerListener:256 -                          : |ORDINAL_POSITION|COLUMN_NAME|COLUMN_COMMENT|COLUMN_TYPE |DATA_TYPE|IS_NULLABLE|COLUMN_DEFAULT|CHARACTER_MAXIMUM_LENGTH|NUMERIC_PRECISION|NUMERIC_SCALE|EXTRA|
2016-11-27 19:35:29 DEBUG LoggerListener:256 -                          : +----------------+-----------+--------------+------------+---------+-----------+--------------+------------------------+-----------------+-------------+-----+
2016-11-27 19:35:29 DEBUG LoggerListener:256 -                          : |               1|id         |              |bigint(20)  |bigint   |NO         |{null}        |                  {null}|               19|            0|     |
2016-11-27 19:35:29 DEBUG LoggerListener:256 -                          : |               2|first_name |              |varchar(255)|varchar  |YES        |{null}        |                     255|           {null}|       {null}|     |
2016-11-27 19:35:29 DEBUG LoggerListener:256 -                          : |               3|last_name  |              |varchar(255)|varchar  |YES        |{null}        |                     255|           {null}|       {null}|     |
2016-11-27 19:35:29 DEBUG LoggerListener:256 -                          : |               4|email      |              |varchar(255)|varchar  |YES        |{null}        |                     255|           {null}|       {null}|     |
2016-11-27 19:35:29 DEBUG LoggerListener:256 -                          : +----------------+-----------+--------------+------------+---------+-----------+--------------+------------------------+-----------------+-------------+-----+
2016-11-27 19:35:29 DEBUG StopWatch:256 - Finishing                : Total: 8.721ms, +5.047ms
2016-11-27 19:35:29 DEBUG DefaultRelations:256 - Adding primary key       : KEY_user_PRIMARY (gestionAccount.user.id)
2016-11-27 19:35:29 DEBUG LoggerListener:256 - Executing query          : select `information_schema`.`STATISTICS`.`TABLE_SCHEMA`, `information_schema`.`STATISTICS`.`TABLE_NAME`, `information_schema`.`STATISTICS`.`COLUMN_NAME`, `information_schema`.`STATISTICS`.`INDEX_NAME` from `information_schema`.`STATISTICS` where (`information_schema`.`STATISTICS`.`TABLE_SCHEMA` in (?) and `information_schema`.`STATISTICS`.`INDEX_NAME` <> 'PRIMARY' and `information_schema`.`STATISTICS`.`NON_UNIQUE` = 0) order by `information_schema`.`STATISTICS`.`TABLE_SCHEMA` asc, `information_schema`.`STATISTICS`.`TABLE_NAME` asc, `information_schema`.`STATISTICS`.`INDEX_NAME` asc, `information_schema`.`STATISTICS`.`SEQ_IN_INDEX` asc
2016-11-27 19:35:29 DEBUG LoggerListener:256 - -> with bind values      : select `information_schema`.`STATISTICS`.`TABLE_SCHEMA`, `information_schema`.`STATISTICS`.`TABLE_NAME`, `information_schema`.`STATISTICS`.`COLUMN_NAME`, `information_schema`.`STATISTICS`.`INDEX_NAME` from `information_schema`.`STATISTICS` where (`information_schema`.`STATISTICS`.`TABLE_SCHEMA` in ('gestionAccount') and `information_schema`.`STATISTICS`.`INDEX_NAME` <> 'PRIMARY' and `information_schema`.`STATISTICS`.`NON_UNIQUE` = 0) order by `information_schema`.`STATISTICS`.`TABLE_SCHEMA` asc, `information_schema`.`STATISTICS`.`TABLE_NAME` asc, `information_schema`.`STATISTICS`.`INDEX_NAME` asc, `information_schema`.`STATISTICS`.`SEQ_IN_INDEX` asc
2016-11-27 19:35:29 DEBUG StopWatch:256 - Query executed           : Total: 2.715ms
2016-11-27 19:35:29 DEBUG LoggerListener:256 - Fetched result           : +------------+----------+-----------+----------+
2016-11-27 19:35:29 DEBUG LoggerListener:256 -                          : |TABLE_SCHEMA|TABLE_NAME|COLUMN_NAME|INDEX_NAME|
2016-11-27 19:35:29 DEBUG LoggerListener:256 -                          : +------------+----------+-----------+----------+
2016-11-27 19:35:29 DEBUG StopWatch:256 - Finishing                : Total: 4.578ms, +1.863ms
2016-11-27 19:35:29 DEBUG LoggerListener:256 - Executing query          : select `information_schema`.`REFERENTIAL_CONSTRAINTS`.`CONSTRAINT_SCHEMA`, `information_schema`.`REFERENTIAL_CONSTRAINTS`.`CONSTRAINT_NAME`, `information_schema`.`REFERENTIAL_CONSTRAINTS`.`TABLE_NAME`, `information_schema`.`REFERENTIAL_CONSTRAINTS`.`REFERENCED_TABLE_NAME`, `information_schema`.`REFERENTIAL_CONSTRAINTS`.`UNIQUE_CONSTRAINT_NAME`, `information_schema`.`REFERENTIAL_CONSTRAINTS`.`UNIQUE_CONSTRAINT_SCHEMA`, `information_schema`.`KEY_COLUMN_USAGE`.`COLUMN_NAME` from `information_schema`.`REFERENTIAL_CONSTRAINTS` join `information_schema`.`KEY_COLUMN_USAGE` on (`information_schema`.`REFERENTIAL_CONSTRAINTS`.`CONSTRAINT_SCHEMA` = `information_schema`.`KEY_COLUMN_USAGE`.`CONSTRAINT_SCHEMA` and `information_schema`.`REFERENTIAL_CONSTRAINTS`.`CONSTRAINT_NAME` = `information_schema`.`KEY_COLUMN_USAGE`.`CONSTRAINT_NAME`) where `information_schema`.`REFERENTIAL_CONSTRAINTS`.`CONSTRAINT_SCHEMA` in (?) order by `information_schema`.`KEY_COLUMN_USAGE`.`CONSTRAINT_SCHEMA` asc, `information_schema`.`KEY_COLUMN_USAGE`.`CONSTRAINT_NAME` asc, `information_schema`.`KEY_COLUMN_USAGE`.`ORDINAL_POSITION` asc
2016-11-27 19:35:29 DEBUG LoggerListener:256 - -> with bind values      : select `information_schema`.`REFERENTIAL_CONSTRAINTS`.`CONSTRAINT_SCHEMA`, `information_schema`.`REFERENTIAL_CONSTRAINTS`.`CONSTRAINT_NAME`, `information_schema`.`REFERENTIAL_CONSTRAINTS`.`TABLE_NAME`, `information_schema`.`REFERENTIAL_CONSTRAINTS`.`REFERENCED_TABLE_NAME`, `information_schema`.`REFERENTIAL_CONSTRAINTS`.`UNIQUE_CONSTRAINT_NAME`, `information_schema`.`REFERENTIAL_CONSTRAINTS`.`UNIQUE_CONSTRAINT_SCHEMA`, `information_schema`.`KEY_COLUMN_USAGE`.`COLUMN_NAME` from `information_schema`.`REFERENTIAL_CONSTRAINTS` join `information_schema`.`KEY_COLUMN_USAGE` on (`information_schema`.`REFERENTIAL_CONSTRAINTS`.`CONSTRAINT_SCHEMA` = `information_schema`.`KEY_COLUMN_USAGE`.`CONSTRAINT_SCHEMA` and `information_schema`.`REFERENTIAL_CONSTRAINTS`.`CONSTRAINT_NAME` = `information_schema`.`KEY_COLUMN_USAGE`.`CONSTRAINT_NAME`) where `information_schema`.`REFERENTIAL_CONSTRAINTS`.`CONSTRAINT_SCHEMA` in ('gestionAccount') order by `information_schema`.`KEY_COLUMN_USAGE`.`CONSTRAINT_SCHEMA` asc, `information_schema`.`KEY_COLUMN_USAGE`.`CONSTRAINT_NAME` asc, `information_schema`.`KEY_COLUMN_USAGE`.`ORDINAL_POSITION` asc
2016-11-27 19:35:29 DEBUG StopWatch:256 - Query executed           : Total: 8.358ms
2016-11-27 19:35:29 DEBUG LoggerListener:256 - Fetched result           : +-----------------+---------------+----------+---------------------+----------------------+------------------------+-----------+
2016-11-27 19:35:29 DEBUG LoggerListener:256 -                          : |CONSTRAINT_SCHEMA|CONSTRAINT_NAME|TABLE_NAME|REFERENCED_TABLE_NAME|UNIQUE_CONSTRAINT_NAME|UNIQUE_CONSTRAINT_SCHEMA|COLUMN_NAME|
2016-11-27 19:35:29 DEBUG LoggerListener:256 -                          : +-----------------+---------------+----------+---------------------+----------------------+------------------------+-----------+
2016-11-27 19:35:29 DEBUG LoggerListener:256 -                          : |gestionAccount   |account_ibfk_1 |account   |user                 |PRIMARY               |gestionAccount          |id_u       |
2016-11-27 19:35:29 DEBUG LoggerListener:256 -                          : +-----------------+---------------+----------+---------------------+----------------------+------------------------+-----------+
2016-11-27 19:35:29 DEBUG StopWatch:256 - Finishing                : Total: 10.215ms, +1.857ms
2016-11-27 19:35:29 INFO  DefaultRelations:328 - Adding foreign key       : account_ibfk_1 (gestionAccount.account.id_u) referencing KEY_user_PRIMARY
2016-11-27 19:35:29 INFO  AbstractDatabase:328 - Synthetic primary keys   : 0 (0 included, 0 excluded)
2016-11-27 19:35:29 INFO  AbstractDatabase:328 - Overriding primary keys  : 2 (0 included, 2 excluded)
2016-11-27 19:35:29 INFO  JavaGenerator:328 - Generating table         : Account.java [input=account, output=account, pk=KEY_account_PRIMARY]
2016-11-27 19:35:29 DEBUG AbstractTypedElementDefinition:256 - Type mapping             : gestionAccount.account.id with type bigint
2016-11-27 19:35:29 INFO  AbstractDatabase:328 - ARRAYs fetched           : 0 (0 included, 0 excluded)
2016-11-27 19:35:29 DEBUG LoggerListener:256 - Executing query          : select `information_schema`.`COLUMNS`.`TABLE_SCHEMA`, `information_schema`.`COLUMNS`.`COLUMN_COMMENT`, `information_schema`.`COLUMNS`.`TABLE_NAME`, `information_schema`.`COLUMNS`.`COLUMN_NAME`, `information_schema`.`COLUMNS`.`COLUMN_TYPE` from `information_schema`.`COLUMNS` where (`information_schema`.`COLUMNS`.`COLUMN_TYPE` like ? and `information_schema`.`COLUMNS`.`TABLE_SCHEMA` in (?)) order by `information_schema`.`COLUMNS`.`TABLE_SCHEMA` asc, `information_schema`.`COLUMNS`.`TABLE_NAME` asc, `information_schema`.`COLUMNS`.`COLUMN_NAME` asc
2016-11-27 19:35:29 DEBUG LoggerListener:256 - -> with bind values      : select `information_schema`.`COLUMNS`.`TABLE_SCHEMA`, `information_schema`.`COLUMNS`.`COLUMN_COMMENT`, `information_schema`.`COLUMNS`.`TABLE_NAME`, `information_schema`.`COLUMNS`.`COLUMN_NAME`, `information_schema`.`COLUMNS`.`COLUMN_TYPE` from `information_schema`.`COLUMNS` where (`information_schema`.`COLUMNS`.`COLUMN_TYPE` like 'enum(%)' and `information_schema`.`COLUMNS`.`TABLE_SCHEMA` in ('gestionAccount')) order by `information_schema`.`COLUMNS`.`TABLE_SCHEMA` asc, `information_schema`.`COLUMNS`.`TABLE_NAME` asc, `information_schema`.`COLUMNS`.`COLUMN_NAME` asc
2016-11-27 19:35:29 DEBUG StopWatch:256 - Query executed           : Total: 2.239ms
2016-11-27 19:35:29 DEBUG LoggerListener:256 - Fetched result           : +------------+--------------+----------+-----------+-----------+
2016-11-27 19:35:29 DEBUG LoggerListener:256 -                          : |TABLE_SCHEMA|COLUMN_COMMENT|TABLE_NAME|COLUMN_NAME|COLUMN_TYPE|
2016-11-27 19:35:29 DEBUG LoggerListener:256 -                          : +------------+--------------+----------+-----------+-----------+
2016-11-27 19:35:29 DEBUG StopWatch:256 - Finishing                : Total: 3.501ms, +1.262ms
2016-11-27 19:35:29 INFO  AbstractDatabase:328 - Enums fetched            : 0 (0 included, 0 excluded)
2016-11-27 19:35:29 DEBUG AbstractTypedElementDefinition:256 - Type mapping             : gestionAccount.account.id_u with type bigint
2016-11-27 19:35:29 DEBUG AbstractTypedElementDefinition:256 - Type mapping             : gestionAccount.account.name with type varchar
2016-11-27 19:35:29 INFO  JavaGenerator:328 - Generating table         : User.java [input=user, output=user, pk=KEY_user_PRIMARY]
2016-11-27 19:35:29 DEBUG AbstractTypedElementDefinition:256 - Type mapping             : gestionAccount.user.id with type bigint
2016-11-27 19:35:29 DEBUG AbstractTypedElementDefinition:256 - Type mapping             : gestionAccount.user.first_name with type varchar
2016-11-27 19:35:29 DEBUG AbstractTypedElementDefinition:256 - Type mapping             : gestionAccount.user.last_name with type varchar
2016-11-27 19:35:29 DEBUG AbstractTypedElementDefinition:256 - Type mapping             : gestionAccount.user.email with type varchar
2016-11-27 19:35:29 INFO  StopWatch:328 - Tables generated         : Total: 661.851ms
2016-11-27 19:35:29 INFO  JavaGenerator:328 - Generating table references
2016-11-27 19:35:29 INFO  StopWatch:328 - Table refs generated     : Total: 664.432ms, +2.58ms
2016-11-27 19:35:29 INFO  JavaGenerator:328 - Generating Keys          
2016-11-27 19:35:29 INFO  StopWatch:328 - Keys generated           : Total: 669.509ms, +5.077ms
2016-11-27 19:35:29 INFO  JavaGenerator:328 - Generating table records 
2016-11-27 19:35:29 INFO  JavaGenerator:328 - Generating record        : AccountRecord.java
2016-11-27 19:35:29 INFO  JavaGenerator:328 - Generating record        : UserRecord.java
2016-11-27 19:35:29 INFO  StopWatch:328 - Table records generated  : Total: 693.255ms, +23.745ms
2016-11-27 19:35:29 INFO  AbstractDatabase:328 - Domains fetched          : 0 (0 included, 0 excluded)
2016-11-27 19:35:29 DEBUG LoggerListener:256 - Executing query          : select count(*) from `mysql`.`proc`
2016-11-27 19:35:29 DEBUG StopWatch:256 - Query executed           : Total: 2.849ms
2016-11-27 19:35:29 DEBUG LoggerListener:256 - Fetched result           : +-----+
2016-11-27 19:35:29 DEBUG LoggerListener:256 -                          : |count|
2016-11-27 19:35:29 DEBUG LoggerListener:256 -                          : +-----+
2016-11-27 19:35:29 DEBUG LoggerListener:256 -                          : |   48|
2016-11-27 19:35:29 DEBUG LoggerListener:256 -                          : +-----+
2016-11-27 19:35:29 DEBUG StopWatch:256 - Finishing                : Total: 4.393ms, +1.543ms
2016-11-27 19:35:29 DEBUG LoggerListener:256 - Executing query          : select `mysql`.`proc`.`db`, `mysql`.`proc`.`name`, `mysql`.`proc`.`comment`, `mysql`.`proc`.`param_list`, `mysql`.`proc`.`returns`, `mysql`.`proc`.`type` from `mysql`.`proc` where `mysql`.`proc`.`db` in (?) order by `mysql`.`proc`.`db` asc, `mysql`.`proc`.`name` asc
2016-11-27 19:35:29 DEBUG LoggerListener:256 - -> with bind values      : select `mysql`.`proc`.`db`, `mysql`.`proc`.`name`, `mysql`.`proc`.`comment`, `mysql`.`proc`.`param_list`, `mysql`.`proc`.`returns`, `mysql`.`proc`.`type` from `mysql`.`proc` where `mysql`.`proc`.`db` in ('gestionAccount') order by `mysql`.`proc`.`db` asc, `mysql`.`proc`.`name` asc
2016-11-27 19:35:29 DEBUG StopWatch:256 - Query executed           : Total: 1.507ms
2016-11-27 19:35:29 DEBUG LoggerListener:256 - Fetched result           : +----+----+-------+----------+-------+----+
2016-11-27 19:35:29 DEBUG LoggerListener:256 -                          : |db  |name|comment|param_list|returns|type|
2016-11-27 19:35:29 DEBUG LoggerListener:256 -                          : +----+----+-------+----------+-------+----+
2016-11-27 19:35:29 DEBUG StopWatch:256 - Finishing                : Total: 2.603ms, +1.096ms
2016-11-27 19:35:29 INFO  AbstractDatabase:328 - Routines fetched         : 0 (0 included, 0 excluded)
2016-11-27 19:35:29 INFO  StopWatch:328 - Generation finished: gestionAccount: Total: 709.673ms, +16.417ms
2016-11-27 19:35:29 INFO  JavaGenerator:328 -                          
2016-11-27 19:35:29 INFO  JavaGenerator:328 - Removing excess files    
2016-11-27 19:40:02 INFO  GenerationTool:328 - Initialising properties  : /gestionAccount.xml
2016-11-27 19:40:03 WARN  GenerationTool:384 - Unmarshal warning        : cvc-complex-type.2.4.b : Le contenu de l'élément 'target' n'est pas complet. L'un des éléments '{"http://www.jooq.org/xsd/jooq-codegen-3.8.0.xsd":encoding}' est attendu.
2016-11-27 19:40:03 INFO  JavaGenerator:328 - License parameters       
2016-11-27 19:40:03 INFO  JavaGenerator:328 - ----------------------------------------------------------
2016-11-27 19:40:03 INFO  JavaGenerator:328 -   Thank you for using jOOQ and jOOQ's code generator
2016-11-27 19:40:03 INFO  JavaGenerator:328 -                          
2016-11-27 19:40:03 INFO  JavaGenerator:328 - Database parameters      
2016-11-27 19:40:03 INFO  JavaGenerator:328 - ----------------------------------------------------------
2016-11-27 19:40:03 INFO  JavaGenerator:328 -   dialect                : MYSQL
2016-11-27 19:40:03 INFO  JavaGenerator:328 -   URL                    : jdbc:mysql://localhost:3306/gestionAccount
2016-11-27 19:40:03 INFO  JavaGenerator:328 -   target dir             : /home/yousra/workspace2/ProjectJOOQ/src
2016-11-27 19:40:03 INFO  JavaGenerator:328 -   target package         : test.generated
2016-11-27 19:40:03 INFO  JavaGenerator:328 -   includes               : [.*]
2016-11-27 19:40:03 INFO  JavaGenerator:328 -   excludes               : []
2016-11-27 19:40:03 INFO  JavaGenerator:328 -   includeExcludeColumns  : false
2016-11-27 19:40:03 INFO  JavaGenerator:328 - ----------------------------------------------------------
2016-11-27 19:40:03 INFO  JavaGenerator:328 -                          
2016-11-27 19:40:03 INFO  JavaGenerator:328 - DefaultGenerator parameters
2016-11-27 19:40:03 INFO  JavaGenerator:328 - ----------------------------------------------------------
2016-11-27 19:40:03 INFO  JavaGenerator:328 -   strategy               : class org.jooq.util.DefaultGeneratorStrategy
2016-11-27 19:40:03 INFO  JavaGenerator:328 -   deprecated             : true
2016-11-27 19:40:03 INFO  JavaGenerator:328 -   generated annotation   : true
2016-11-27 19:40:03 INFO  JavaGenerator:328 -   JPA annotations        : false
2016-11-27 19:40:03 INFO  JavaGenerator:328 -   validation annotations : false
2016-11-27 19:40:03 INFO  JavaGenerator:328 -   instance fields        : true
2016-11-27 19:40:03 INFO  JavaGenerator:328 -   records                : true
2016-11-27 19:40:03 INFO  JavaGenerator:328 -   pojos                  : false
2016-11-27 19:40:03 INFO  JavaGenerator:328 -   immutable pojos        : false
2016-11-27 19:40:03 INFO  JavaGenerator:328 -   interfaces             : false
2016-11-27 19:40:03 INFO  JavaGenerator:328 -   daos                   : false
2016-11-27 19:40:03 INFO  JavaGenerator:328 -   relations              : true
2016-11-27 19:40:03 INFO  JavaGenerator:328 -   table-valued functions : false
2016-11-27 19:40:03 INFO  JavaGenerator:328 -   global references      : true
2016-11-27 19:40:03 INFO  JavaGenerator:328 - ----------------------------------------------------------
2016-11-27 19:40:03 INFO  JavaGenerator:328 -                          
2016-11-27 19:40:03 INFO  JavaGenerator:328 - Generation remarks       
2016-11-27 19:40:03 INFO  JavaGenerator:328 - ----------------------------------------------------------
2016-11-27 19:40:03 INFO  JavaGenerator:328 -   none                   
2016-11-27 19:40:03 INFO  JavaGenerator:328 -                          
2016-11-27 19:40:03 INFO  JavaGenerator:328 - ----------------------------------------------------------
2016-11-27 19:40:03 INFO  JavaGenerator:328 - Generating catalogs      : Total: 1
2016-11-27 19:40:03 INFO  JavaGenerator:328 - No schema version is applied for catalog . Regenerating.
2016-11-27 19:40:03 INFO  JavaGenerator:328 -                          
2016-11-27 19:40:03 INFO  JavaGenerator:328 - Generating catalog       : DefaultCatalog.java
2016-11-27 19:40:03 INFO  JavaGenerator:328 - ==========================================================
2016-11-27 19:40:03 INFO  Constants:328 - 
                                      
@@@@@@@@@@@@@@@@@@@@@@@@@@@@@@@@@@@@@@
@@@@@@@@@@@@@@@@@@@@@@@@@@@@@@@@@@@@@@
@@@@@@@@@@@@@@@@  @@        @@@@@@@@@@
@@@@@@@@@@@@@@@@@@@@        @@@@@@@@@@
@@@@@@@@@@@@@@@@  @@  @@    @@@@@@@@@@
@@@@@@@@@@  @@@@  @@  @@    @@@@@@@@@@
@@@@@@@@@@        @@        @@@@@@@@@@
@@@@@@@@@@@@@@@@@@@@@@@@@@@@@@@@@@@@@@
@@@@@@@@@@@@@@@@@@@@@@@@@@@@@@@@@@@@@@
@@@@@@@@@@        @@        @@@@@@@@@@
@@@@@@@@@@    @@  @@  @@@@  @@@@@@@@@@
@@@@@@@@@@    @@  @@  @@@@  @@@@@@@@@@
@@@@@@@@@@        @@  @  @  @@@@@@@@@@
@@@@@@@@@@        @@        @@@@@@@@@@
@@@@@@@@@@@@@@@@@@@@@@@  @@@@@@@@@@@@@
@@@@@@@@@@@@@@@@@@@@@@@@@@@@@@@@@@@@@@
@@@@@@@@@@@@@@@@@@@@@@@@@@@@@@@@@@@@@@  Thank you for using jOOQ 3.8.6
                                      
2016-11-27 19:40:03 DEBUG LoggerListener:256 - Executing query          : select 1 as `one` from dual
2016-11-27 19:40:04 DEBUG StopWatch:256 - Query executed           : Total: 102.078ms
2016-11-27 19:40:04 DEBUG LoggerListener:256 - Fetched result           : +----+
2016-11-27 19:40:04 DEBUG LoggerListener:256 -                          : | one|
2016-11-27 19:40:04 DEBUG LoggerListener:256 -                          : +----+
2016-11-27 19:40:04 DEBUG LoggerListener:256 -                          : |   1|
2016-11-27 19:40:04 DEBUG LoggerListener:256 -                          : +----+
2016-11-27 19:40:04 DEBUG StopWatch:256 - Finishing                : Total: 145.77ms, +43.691ms
2016-11-27 19:40:04 DEBUG LoggerListener:256 - Executing query          : select `information_schema`.`SCHEMATA`.`SCHEMA_NAME` from `information_schema`.`SCHEMATA`
2016-11-27 19:40:04 DEBUG StopWatch:256 - Query executed           : Total: 149.439ms
2016-11-27 19:40:04 DEBUG LoggerListener:256 - Fetched result           : +------------------+
2016-11-27 19:40:04 DEBUG LoggerListener:256 -                          : |SCHEMA_NAME       |
2016-11-27 19:40:04 DEBUG LoggerListener:256 -                          : +------------------+
2016-11-27 19:40:04 DEBUG LoggerListener:256 -                          : |information_schema|
2016-11-27 19:40:04 DEBUG LoggerListener:256 -                          : |gestionAccount    |
2016-11-27 19:40:04 DEBUG LoggerListener:256 -                          : |library           |
2016-11-27 19:40:04 DEBUG LoggerListener:256 -                          : |mysql             |
2016-11-27 19:40:04 DEBUG LoggerListener:256 -                          : |performance_schema|
2016-11-27 19:40:04 DEBUG LoggerListener:256 -                          : +------------------+
2016-11-27 19:40:04 DEBUG LoggerListener:256 -                          : |...1 record(s) truncated...
2016-11-27 19:40:04 DEBUG StopWatch:256 - Finishing                : Total: 152.669ms, +3.23ms
2016-11-27 19:40:04 INFO  JavaGenerator:328 - Generating schemata      : Total: 1
2016-11-27 19:40:04 INFO  JavaGenerator:328 - No schema version is applied for schema gestionAccount. Regenerating.
2016-11-27 19:40:04 INFO  JavaGenerator:328 - Generating schema        : Gestionaccount.java
2016-11-27 19:40:04 INFO  JavaGenerator:328 - ----------------------------------------------------------
2016-11-27 19:40:04 DEBUG LoggerListener:256 - Executing query          : select `information_schema`.`TABLES`.`TABLE_SCHEMA`, `information_schema`.`TABLES`.`TABLE_NAME`, `information_schema`.`TABLES`.`TABLE_COMMENT` from `information_schema`.`TABLES` where `information_schema`.`TABLES`.`TABLE_SCHEMA` in (?) order by `information_schema`.`TABLES`.`TABLE_SCHEMA` asc, `information_schema`.`TABLES`.`TABLE_NAME` asc
2016-11-27 19:40:04 DEBUG LoggerListener:256 - -> with bind values      : select `information_schema`.`TABLES`.`TABLE_SCHEMA`, `information_schema`.`TABLES`.`TABLE_NAME`, `information_schema`.`TABLES`.`TABLE_COMMENT` from `information_schema`.`TABLES` where `information_schema`.`TABLES`.`TABLE_SCHEMA` in ('gestionAccount') order by `information_schema`.`TABLES`.`TABLE_SCHEMA` asc, `information_schema`.`TABLES`.`TABLE_NAME` asc
2016-11-27 19:40:04 DEBUG StopWatch:256 - Query executed           : Total: 3.586ms
2016-11-27 19:40:04 DEBUG LoggerListener:256 - Fetched result           : +--------------+----------+-------------+
2016-11-27 19:40:04 DEBUG LoggerListener:256 -                          : |TABLE_SCHEMA  |TABLE_NAME|TABLE_COMMENT|
2016-11-27 19:40:04 DEBUG LoggerListener:256 -                          : +--------------+----------+-------------+
2016-11-27 19:40:04 DEBUG LoggerListener:256 -                          : |gestionAccount|account   |             |
2016-11-27 19:40:04 DEBUG LoggerListener:256 -                          : |gestionAccount|user      |             |
2016-11-27 19:40:04 DEBUG LoggerListener:256 -                          : +--------------+----------+-------------+
2016-11-27 19:40:04 DEBUG StopWatch:256 - Finishing                : Total: 5.869ms, +2.283ms
2016-11-27 19:40:04 DEBUG AbstractDatabase:256 - Include                  : Including gestionAccount.account because of pattern .*
2016-11-27 19:40:04 DEBUG AbstractDatabase:256 - Include                  : Including gestionAccount.user because of pattern .*
2016-11-27 19:40:04 INFO  AbstractDatabase:328 - Tables fetched           : 2 (2 included, 0 excluded)
2016-11-27 19:40:04 INFO  AbstractDatabase:328 - Sequences fetched        : 0 (0 included, 0 excluded)
2016-11-27 19:40:04 INFO  AbstractDatabase:328 - UDTs fetched             : 0 (0 included, 0 excluded)
2016-11-27 19:40:04 INFO  JavaGenerator:328 - Generating tables        
2016-11-27 19:40:04 DEBUG LoggerListener:256 - Executing query          : select `information_schema`.`COLUMNS`.`ORDINAL_POSITION`, `information_schema`.`COLUMNS`.`COLUMN_NAME`, `information_schema`.`COLUMNS`.`COLUMN_COMMENT`, `information_schema`.`COLUMNS`.`COLUMN_TYPE`, `information_schema`.`COLUMNS`.`DATA_TYPE`, `information_schema`.`COLUMNS`.`IS_NULLABLE`, `information_schema`.`COLUMNS`.`COLUMN_DEFAULT`, `information_schema`.`COLUMNS`.`CHARACTER_MAXIMUM_LENGTH`, `information_schema`.`COLUMNS`.`NUMERIC_PRECISION`, `information_schema`.`COLUMNS`.`NUMERIC_SCALE`, `information_schema`.`COLUMNS`.`EXTRA` from `information_schema`.`COLUMNS` where (`information_schema`.`COLUMNS`.`TABLE_SCHEMA` = ? and `information_schema`.`COLUMNS`.`TABLE_NAME` = ?) order by `information_schema`.`COLUMNS`.`ORDINAL_POSITION` asc
2016-11-27 19:40:04 DEBUG LoggerListener:256 - -> with bind values      : select `information_schema`.`COLUMNS`.`ORDINAL_POSITION`, `information_schema`.`COLUMNS`.`COLUMN_NAME`, `information_schema`.`COLUMNS`.`COLUMN_COMMENT`, `information_schema`.`COLUMNS`.`COLUMN_TYPE`, `information_schema`.`COLUMNS`.`DATA_TYPE`, `information_schema`.`COLUMNS`.`IS_NULLABLE`, `information_schema`.`COLUMNS`.`COLUMN_DEFAULT`, `information_schema`.`COLUMNS`.`CHARACTER_MAXIMUM_LENGTH`, `information_schema`.`COLUMNS`.`NUMERIC_PRECISION`, `information_schema`.`COLUMNS`.`NUMERIC_SCALE`, `information_schema`.`COLUMNS`.`EXTRA` from `information_schema`.`COLUMNS` where (`information_schema`.`COLUMNS`.`TABLE_SCHEMA` = 'gestionAccount' and `information_schema`.`COLUMNS`.`TABLE_NAME` = 'account') order by `information_schema`.`COLUMNS`.`ORDINAL_POSITION` asc
2016-11-27 19:40:04 DEBUG StopWatch:256 - Query executed           : Total: 4.83ms
2016-11-27 19:40:04 DEBUG LoggerListener:256 - Fetched result           : +----------------+-----------+--------------+------------+---------+-----------+--------------+------------------------+-----------------+-------------+-----+
2016-11-27 19:40:04 DEBUG LoggerListener:256 -                          : |ORDINAL_POSITION|COLUMN_NAME|COLUMN_COMMENT|COLUMN_TYPE |DATA_TYPE|IS_NULLABLE|COLUMN_DEFAULT|CHARACTER_MAXIMUM_LENGTH|NUMERIC_PRECISION|NUMERIC_SCALE|EXTRA|
2016-11-27 19:40:04 DEBUG LoggerListener:256 -                          : +----------------+-----------+--------------+------------+---------+-----------+--------------+------------------------+-----------------+-------------+-----+
2016-11-27 19:40:04 DEBUG LoggerListener:256 -                          : |               1|id         |              |bigint(20)  |bigint   |NO         |{null}        |                  {null}|               19|            0|     |
2016-11-27 19:40:04 DEBUG LoggerListener:256 -                          : |               2|id_u       |              |bigint(20)  |bigint   |YES        |{null}        |                  {null}|               19|            0|     |
2016-11-27 19:40:04 DEBUG LoggerListener:256 -                          : |               3|name       |              |varchar(255)|varchar  |YES        |{null}        |                     255|           {null}|       {null}|     |
2016-11-27 19:40:04 DEBUG LoggerListener:256 -                          : +----------------+-----------+--------------+------------+---------+-----------+--------------+------------------------+-----------------+-------------+-----+
2016-11-27 19:40:04 DEBUG StopWatch:256 - Finishing                : Total: 13.345ms, +8.514ms
2016-11-27 19:40:04 DEBUG LoggerListener:256 - Executing query          : select `information_schema`.`STATISTICS`.`TABLE_SCHEMA`, `information_schema`.`STATISTICS`.`TABLE_NAME`, `information_schema`.`STATISTICS`.`COLUMN_NAME`, `information_schema`.`STATISTICS`.`INDEX_NAME` from `information_schema`.`STATISTICS` where (`information_schema`.`STATISTICS`.`TABLE_SCHEMA` in (?) and `information_schema`.`STATISTICS`.`INDEX_NAME` = 'PRIMARY') order by `information_schema`.`STATISTICS`.`TABLE_SCHEMA` asc, `information_schema`.`STATISTICS`.`TABLE_NAME` asc, `information_schema`.`STATISTICS`.`INDEX_NAME` asc, `information_schema`.`STATISTICS`.`SEQ_IN_INDEX` asc
2016-11-27 19:40:04 DEBUG LoggerListener:256 - -> with bind values      : select `information_schema`.`STATISTICS`.`TABLE_SCHEMA`, `information_schema`.`STATISTICS`.`TABLE_NAME`, `information_schema`.`STATISTICS`.`COLUMN_NAME`, `information_schema`.`STATISTICS`.`INDEX_NAME` from `information_schema`.`STATISTICS` where (`information_schema`.`STATISTICS`.`TABLE_SCHEMA` in ('gestionAccount') and `information_schema`.`STATISTICS`.`INDEX_NAME` = 'PRIMARY') order by `information_schema`.`STATISTICS`.`TABLE_SCHEMA` asc, `information_schema`.`STATISTICS`.`TABLE_NAME` asc, `information_schema`.`STATISTICS`.`INDEX_NAME` asc, `information_schema`.`STATISTICS`.`SEQ_IN_INDEX` asc
2016-11-27 19:40:04 DEBUG StopWatch:256 - Query executed           : Total: 3.144ms
2016-11-27 19:40:04 DEBUG LoggerListener:256 - Fetched result           : +--------------+----------+-----------+----------+
2016-11-27 19:40:04 DEBUG LoggerListener:256 -                          : |TABLE_SCHEMA  |TABLE_NAME|COLUMN_NAME|INDEX_NAME|
2016-11-27 19:40:04 DEBUG LoggerListener:256 -                          : +--------------+----------+-----------+----------+
2016-11-27 19:40:04 DEBUG LoggerListener:256 -                          : |gestionAccount|account   |id         |PRIMARY   |
2016-11-27 19:40:04 DEBUG LoggerListener:256 -                          : |gestionAccount|user      |id         |PRIMARY   |
2016-11-27 19:40:04 DEBUG LoggerListener:256 -                          : +--------------+----------+-----------+----------+
2016-11-27 19:40:04 DEBUG StopWatch:256 - Finishing                : Total: 5.927ms, +2.783ms
2016-11-27 19:40:04 DEBUG DefaultRelations:256 - Adding primary key       : KEY_account_PRIMARY (gestionAccount.account.id)
2016-11-27 19:40:04 DEBUG LoggerListener:256 - Executing query          : select `information_schema`.`COLUMNS`.`ORDINAL_POSITION`, `information_schema`.`COLUMNS`.`COLUMN_NAME`, `information_schema`.`COLUMNS`.`COLUMN_COMMENT`, `information_schema`.`COLUMNS`.`COLUMN_TYPE`, `information_schema`.`COLUMNS`.`DATA_TYPE`, `information_schema`.`COLUMNS`.`IS_NULLABLE`, `information_schema`.`COLUMNS`.`COLUMN_DEFAULT`, `information_schema`.`COLUMNS`.`CHARACTER_MAXIMUM_LENGTH`, `information_schema`.`COLUMNS`.`NUMERIC_PRECISION`, `information_schema`.`COLUMNS`.`NUMERIC_SCALE`, `information_schema`.`COLUMNS`.`EXTRA` from `information_schema`.`COLUMNS` where (`information_schema`.`COLUMNS`.`TABLE_SCHEMA` = ? and `information_schema`.`COLUMNS`.`TABLE_NAME` = ?) order by `information_schema`.`COLUMNS`.`ORDINAL_POSITION` asc
2016-11-27 19:40:04 DEBUG LoggerListener:256 - -> with bind values      : select `information_schema`.`COLUMNS`.`ORDINAL_POSITION`, `information_schema`.`COLUMNS`.`COLUMN_NAME`, `information_schema`.`COLUMNS`.`COLUMN_COMMENT`, `information_schema`.`COLUMNS`.`COLUMN_TYPE`, `information_schema`.`COLUMNS`.`DATA_TYPE`, `information_schema`.`COLUMNS`.`IS_NULLABLE`, `information_schema`.`COLUMNS`.`COLUMN_DEFAULT`, `information_schema`.`COLUMNS`.`CHARACTER_MAXIMUM_LENGTH`, `information_schema`.`COLUMNS`.`NUMERIC_PRECISION`, `information_schema`.`COLUMNS`.`NUMERIC_SCALE`, `information_schema`.`COLUMNS`.`EXTRA` from `information_schema`.`COLUMNS` where (`information_schema`.`COLUMNS`.`TABLE_SCHEMA` = 'gestionAccount' and `information_schema`.`COLUMNS`.`TABLE_NAME` = 'user') order by `information_schema`.`COLUMNS`.`ORDINAL_POSITION` asc
2016-11-27 19:40:04 DEBUG StopWatch:256 - Query executed           : Total: 3.527ms
2016-11-27 19:40:04 DEBUG LoggerListener:256 - Fetched result           : +----------------+-----------+--------------+------------+---------+-----------+--------------+------------------------+-----------------+-------------+-----+
2016-11-27 19:40:04 DEBUG LoggerListener:256 -                          : |ORDINAL_POSITION|COLUMN_NAME|COLUMN_COMMENT|COLUMN_TYPE |DATA_TYPE|IS_NULLABLE|COLUMN_DEFAULT|CHARACTER_MAXIMUM_LENGTH|NUMERIC_PRECISION|NUMERIC_SCALE|EXTRA|
2016-11-27 19:40:04 DEBUG LoggerListener:256 -                          : +----------------+-----------+--------------+------------+---------+-----------+--------------+------------------------+-----------------+-------------+-----+
2016-11-27 19:40:04 DEBUG LoggerListener:256 -                          : |               1|id         |              |bigint(20)  |bigint   |NO         |{null}        |                  {null}|               19|            0|     |
2016-11-27 19:40:04 DEBUG LoggerListener:256 -                          : |               2|first_name |              |varchar(255)|varchar  |YES        |{null}        |                     255|           {null}|       {null}|     |
2016-11-27 19:40:04 DEBUG LoggerListener:256 -                          : |               3|last_name  |              |varchar(255)|varchar  |YES        |{null}        |                     255|           {null}|       {null}|     |
2016-11-27 19:40:04 DEBUG LoggerListener:256 -                          : |               4|email      |              |varchar(255)|varchar  |YES        |{null}        |                     255|           {null}|       {null}|     |
2016-11-27 19:40:04 DEBUG LoggerListener:256 -                          : +----------------+-----------+--------------+------------+---------+-----------+--------------+------------------------+-----------------+-------------+-----+
2016-11-27 19:40:04 DEBUG StopWatch:256 - Finishing                : Total: 8.742ms, +5.215ms
2016-11-27 19:40:04 DEBUG DefaultRelations:256 - Adding primary key       : KEY_user_PRIMARY (gestionAccount.user.id)
2016-11-27 19:40:04 DEBUG LoggerListener:256 - Executing query          : select `information_schema`.`STATISTICS`.`TABLE_SCHEMA`, `information_schema`.`STATISTICS`.`TABLE_NAME`, `information_schema`.`STATISTICS`.`COLUMN_NAME`, `information_schema`.`STATISTICS`.`INDEX_NAME` from `information_schema`.`STATISTICS` where (`information_schema`.`STATISTICS`.`TABLE_SCHEMA` in (?) and `information_schema`.`STATISTICS`.`INDEX_NAME` <> 'PRIMARY' and `information_schema`.`STATISTICS`.`NON_UNIQUE` = 0) order by `information_schema`.`STATISTICS`.`TABLE_SCHEMA` asc, `information_schema`.`STATISTICS`.`TABLE_NAME` asc, `information_schema`.`STATISTICS`.`INDEX_NAME` asc, `information_schema`.`STATISTICS`.`SEQ_IN_INDEX` asc
2016-11-27 19:40:04 DEBUG LoggerListener:256 - -> with bind values      : select `information_schema`.`STATISTICS`.`TABLE_SCHEMA`, `information_schema`.`STATISTICS`.`TABLE_NAME`, `information_schema`.`STATISTICS`.`COLUMN_NAME`, `information_schema`.`STATISTICS`.`INDEX_NAME` from `information_schema`.`STATISTICS` where (`information_schema`.`STATISTICS`.`TABLE_SCHEMA` in ('gestionAccount') and `information_schema`.`STATISTICS`.`INDEX_NAME` <> 'PRIMARY' and `information_schema`.`STATISTICS`.`NON_UNIQUE` = 0) order by `information_schema`.`STATISTICS`.`TABLE_SCHEMA` asc, `information_schema`.`STATISTICS`.`TABLE_NAME` asc, `information_schema`.`STATISTICS`.`INDEX_NAME` asc, `information_schema`.`STATISTICS`.`SEQ_IN_INDEX` asc
2016-11-27 19:40:04 DEBUG StopWatch:256 - Query executed           : Total: 2.594ms
2016-11-27 19:40:04 DEBUG LoggerListener:256 - Fetched result           : +------------+----------+-----------+----------+
2016-11-27 19:40:04 DEBUG LoggerListener:256 -                          : |TABLE_SCHEMA|TABLE_NAME|COLUMN_NAME|INDEX_NAME|
2016-11-27 19:40:04 DEBUG LoggerListener:256 -                          : +------------+----------+-----------+----------+
2016-11-27 19:40:04 DEBUG StopWatch:256 - Finishing                : Total: 4.335ms, +1.74ms
2016-11-27 19:40:04 DEBUG LoggerListener:256 - Executing query          : select `information_schema`.`REFERENTIAL_CONSTRAINTS`.`CONSTRAINT_SCHEMA`, `information_schema`.`REFERENTIAL_CONSTRAINTS`.`CONSTRAINT_NAME`, `information_schema`.`REFERENTIAL_CONSTRAINTS`.`TABLE_NAME`, `information_schema`.`REFERENTIAL_CONSTRAINTS`.`REFERENCED_TABLE_NAME`, `information_schema`.`REFERENTIAL_CONSTRAINTS`.`UNIQUE_CONSTRAINT_NAME`, `information_schema`.`REFERENTIAL_CONSTRAINTS`.`UNIQUE_CONSTRAINT_SCHEMA`, `information_schema`.`KEY_COLUMN_USAGE`.`COLUMN_NAME` from `information_schema`.`REFERENTIAL_CONSTRAINTS` join `information_schema`.`KEY_COLUMN_USAGE` on (`information_schema`.`REFERENTIAL_CONSTRAINTS`.`CONSTRAINT_SCHEMA` = `information_schema`.`KEY_COLUMN_USAGE`.`CONSTRAINT_SCHEMA` and `information_schema`.`REFERENTIAL_CONSTRAINTS`.`CONSTRAINT_NAME` = `information_schema`.`KEY_COLUMN_USAGE`.`CONSTRAINT_NAME`) where `information_schema`.`REFERENTIAL_CONSTRAINTS`.`CONSTRAINT_SCHEMA` in (?) order by `information_schema`.`KEY_COLUMN_USAGE`.`CONSTRAINT_SCHEMA` asc, `information_schema`.`KEY_COLUMN_USAGE`.`CONSTRAINT_NAME` asc, `information_schema`.`KEY_COLUMN_USAGE`.`ORDINAL_POSITION` asc
2016-11-27 19:40:04 DEBUG LoggerListener:256 - -> with bind values      : select `information_schema`.`REFERENTIAL_CONSTRAINTS`.`CONSTRAINT_SCHEMA`, `information_schema`.`REFERENTIAL_CONSTRAINTS`.`CONSTRAINT_NAME`, `information_schema`.`REFERENTIAL_CONSTRAINTS`.`TABLE_NAME`, `information_schema`.`REFERENTIAL_CONSTRAINTS`.`REFERENCED_TABLE_NAME`, `information_schema`.`REFERENTIAL_CONSTRAINTS`.`UNIQUE_CONSTRAINT_NAME`, `information_schema`.`REFERENTIAL_CONSTRAINTS`.`UNIQUE_CONSTRAINT_SCHEMA`, `information_schema`.`KEY_COLUMN_USAGE`.`COLUMN_NAME` from `information_schema`.`REFERENTIAL_CONSTRAINTS` join `information_schema`.`KEY_COLUMN_USAGE` on (`information_schema`.`REFERENTIAL_CONSTRAINTS`.`CONSTRAINT_SCHEMA` = `information_schema`.`KEY_COLUMN_USAGE`.`CONSTRAINT_SCHEMA` and `information_schema`.`REFERENTIAL_CONSTRAINTS`.`CONSTRAINT_NAME` = `information_schema`.`KEY_COLUMN_USAGE`.`CONSTRAINT_NAME`) where `information_schema`.`REFERENTIAL_CONSTRAINTS`.`CONSTRAINT_SCHEMA` in ('gestionAccount') order by `information_schema`.`KEY_COLUMN_USAGE`.`CONSTRAINT_SCHEMA` asc, `information_schema`.`KEY_COLUMN_USAGE`.`CONSTRAINT_NAME` asc, `information_schema`.`KEY_COLUMN_USAGE`.`ORDINAL_POSITION` asc
2016-11-27 19:40:04 DEBUG StopWatch:256 - Query executed           : Total: 9.506ms
2016-11-27 19:40:04 DEBUG LoggerListener:256 - Fetched result           : +-----------------+---------------+----------+---------------------+----------------------+------------------------+-----------+
2016-11-27 19:40:04 DEBUG LoggerListener:256 -                          : |CONSTRAINT_SCHEMA|CONSTRAINT_NAME|TABLE_NAME|REFERENCED_TABLE_NAME|UNIQUE_CONSTRAINT_NAME|UNIQUE_CONSTRAINT_SCHEMA|COLUMN_NAME|
2016-11-27 19:40:04 DEBUG LoggerListener:256 -                          : +-----------------+---------------+----------+---------------------+----------------------+------------------------+-----------+
2016-11-27 19:40:04 DEBUG LoggerListener:256 -                          : |gestionAccount   |account_ibfk_1 |account   |user                 |PRIMARY               |gestionAccount          |id_u       |
2016-11-27 19:40:04 DEBUG LoggerListener:256 -                          : +-----------------+---------------+----------+---------------------+----------------------+------------------------+-----------+
2016-11-27 19:40:04 DEBUG StopWatch:256 - Finishing                : Total: 11.855ms, +2.349ms
2016-11-27 19:40:04 INFO  DefaultRelations:328 - Adding foreign key       : account_ibfk_1 (gestionAccount.account.id_u) referencing KEY_user_PRIMARY
2016-11-27 19:40:04 INFO  AbstractDatabase:328 - Synthetic primary keys   : 0 (0 included, 0 excluded)
2016-11-27 19:40:04 INFO  AbstractDatabase:328 - Overriding primary keys  : 2 (0 included, 2 excluded)
2016-11-27 19:40:04 INFO  JavaGenerator:328 - Generating table         : Account.java [input=account, output=account, pk=KEY_account_PRIMARY]
2016-11-27 19:40:04 DEBUG AbstractTypedElementDefinition:256 - Type mapping             : gestionAccount.account.id with type bigint
2016-11-27 19:40:04 INFO  AbstractDatabase:328 - ARRAYs fetched           : 0 (0 included, 0 excluded)
2016-11-27 19:40:04 DEBUG LoggerListener:256 - Executing query          : select `information_schema`.`COLUMNS`.`TABLE_SCHEMA`, `information_schema`.`COLUMNS`.`COLUMN_COMMENT`, `information_schema`.`COLUMNS`.`TABLE_NAME`, `information_schema`.`COLUMNS`.`COLUMN_NAME`, `information_schema`.`COLUMNS`.`COLUMN_TYPE` from `information_schema`.`COLUMNS` where (`information_schema`.`COLUMNS`.`COLUMN_TYPE` like ? and `information_schema`.`COLUMNS`.`TABLE_SCHEMA` in (?)) order by `information_schema`.`COLUMNS`.`TABLE_SCHEMA` asc, `information_schema`.`COLUMNS`.`TABLE_NAME` asc, `information_schema`.`COLUMNS`.`COLUMN_NAME` asc
2016-11-27 19:40:04 DEBUG LoggerListener:256 - -> with bind values      : select `information_schema`.`COLUMNS`.`TABLE_SCHEMA`, `information_schema`.`COLUMNS`.`COLUMN_COMMENT`, `information_schema`.`COLUMNS`.`TABLE_NAME`, `information_schema`.`COLUMNS`.`COLUMN_NAME`, `information_schema`.`COLUMNS`.`COLUMN_TYPE` from `information_schema`.`COLUMNS` where (`information_schema`.`COLUMNS`.`COLUMN_TYPE` like 'enum(%)' and `information_schema`.`COLUMNS`.`TABLE_SCHEMA` in ('gestionAccount')) order by `information_schema`.`COLUMNS`.`TABLE_SCHEMA` asc, `information_schema`.`COLUMNS`.`TABLE_NAME` asc, `information_schema`.`COLUMNS`.`COLUMN_NAME` asc
2016-11-27 19:40:04 DEBUG StopWatch:256 - Query executed           : Total: 3.224ms
2016-11-27 19:40:04 DEBUG LoggerListener:256 - Fetched result           : +------------+--------------+----------+-----------+-----------+
2016-11-27 19:40:04 DEBUG LoggerListener:256 -                          : |TABLE_SCHEMA|COLUMN_COMMENT|TABLE_NAME|COLUMN_NAME|COLUMN_TYPE|
2016-11-27 19:40:04 DEBUG LoggerListener:256 -                          : +------------+--------------+----------+-----------+-----------+
2016-11-27 19:40:04 DEBUG StopWatch:256 - Finishing                : Total: 4.873ms, +1.649ms
2016-11-27 19:40:04 INFO  AbstractDatabase:328 - Enums fetched            : 0 (0 included, 0 excluded)
2016-11-27 19:40:04 DEBUG AbstractTypedElementDefinition:256 - Type mapping             : gestionAccount.account.id_u with type bigint
2016-11-27 19:40:04 DEBUG AbstractTypedElementDefinition:256 - Type mapping             : gestionAccount.account.name with type varchar
2016-11-27 19:40:04 INFO  JavaGenerator:328 - Generating table         : User.java [input=user, output=user, pk=KEY_user_PRIMARY]
2016-11-27 19:40:04 DEBUG AbstractTypedElementDefinition:256 - Type mapping             : gestionAccount.user.id with type bigint
2016-11-27 19:40:04 DEBUG AbstractTypedElementDefinition:256 - Type mapping             : gestionAccount.user.first_name with type varchar
2016-11-27 19:40:04 DEBUG AbstractTypedElementDefinition:256 - Type mapping             : gestionAccount.user.last_name with type varchar
2016-11-27 19:40:04 DEBUG AbstractTypedElementDefinition:256 - Type mapping             : gestionAccount.user.email with type varchar
2016-11-27 19:40:04 INFO  StopWatch:328 - Tables generated         : Total: 662.969ms
2016-11-27 19:40:04 INFO  JavaGenerator:328 - Generating table references
2016-11-27 19:40:04 INFO  StopWatch:328 - Table refs generated     : Total: 665.611ms, +2.641ms
2016-11-27 19:40:04 INFO  JavaGenerator:328 - Generating Keys          
2016-11-27 19:40:04 INFO  StopWatch:328 - Keys generated           : Total: 679.468ms, +13.857ms
2016-11-27 19:40:04 INFO  JavaGenerator:328 - Generating table records 
2016-11-27 19:40:04 INFO  JavaGenerator:328 - Generating record        : AccountRecord.java
2016-11-27 19:40:04 INFO  JavaGenerator:328 - Generating record        : UserRecord.java
2016-11-27 19:40:04 INFO  StopWatch:328 - Table records generated  : Total: 703.973ms, +24.504ms
2016-11-27 19:40:04 INFO  AbstractDatabase:328 - Domains fetched          : 0 (0 included, 0 excluded)
2016-11-27 19:40:04 DEBUG LoggerListener:256 - Executing query          : select count(*) from `mysql`.`proc`
2016-11-27 19:40:04 DEBUG StopWatch:256 - Query executed           : Total: 3.276ms
2016-11-27 19:40:04 DEBUG LoggerListener:256 - Fetched result           : +-----+
2016-11-27 19:40:04 DEBUG LoggerListener:256 -                          : |count|
2016-11-27 19:40:04 DEBUG LoggerListener:256 -                          : +-----+
2016-11-27 19:40:04 DEBUG LoggerListener:256 -                          : |   48|
2016-11-27 19:40:04 DEBUG LoggerListener:256 -                          : +-----+
2016-11-27 19:40:04 DEBUG StopWatch:256 - Finishing                : Total: 5.57ms, +2.293ms
2016-11-27 19:40:04 DEBUG LoggerListener:256 - Executing query          : select `mysql`.`proc`.`db`, `mysql`.`proc`.`name`, `mysql`.`proc`.`comment`, `mysql`.`proc`.`param_list`, `mysql`.`proc`.`returns`, `mysql`.`proc`.`type` from `mysql`.`proc` where `mysql`.`proc`.`db` in (?) order by `mysql`.`proc`.`db` asc, `mysql`.`proc`.`name` asc
2016-11-27 19:40:04 DEBUG LoggerListener:256 - -> with bind values      : select `mysql`.`proc`.`db`, `mysql`.`proc`.`name`, `mysql`.`proc`.`comment`, `mysql`.`proc`.`param_list`, `mysql`.`proc`.`returns`, `mysql`.`proc`.`type` from `mysql`.`proc` where `mysql`.`proc`.`db` in ('gestionAccount') order by `mysql`.`proc`.`db` asc, `mysql`.`proc`.`name` asc
2016-11-27 19:40:04 DEBUG StopWatch:256 - Query executed           : Total: 2.239ms
2016-11-27 19:40:04 DEBUG LoggerListener:256 - Fetched result           : +----+----+-------+----------+-------+----+
2016-11-27 19:40:04 DEBUG LoggerListener:256 -                          : |db  |name|comment|param_list|returns|type|
2016-11-27 19:40:04 DEBUG LoggerListener:256 -                          : +----+----+-------+----------+-------+----+
2016-11-27 19:40:04 DEBUG StopWatch:256 - Finishing                : Total: 3.858ms, +1.619ms
2016-11-27 19:40:04 INFO  AbstractDatabase:328 - Routines fetched         : 0 (0 included, 0 excluded)
2016-11-27 19:40:04 INFO  StopWatch:328 - Generation finished: gestionAccount: Total: 723.167ms, +19.193ms
2016-11-27 19:40:04 INFO  JavaGenerator:328 -                          
2016-11-27 19:40:04 INFO  JavaGenerator:328 - Removing excess files    
2016-11-27 19:48:32 INFO  Constants:328 - 
                                      
@@@@@@@@@@@@@@@@@@@@@@@@@@@@@@@@@@@@@@
@@@@@@@@@@@@@@@@@@@@@@@@@@@@@@@@@@@@@@
@@@@@@@@@@@@@@@@  @@        @@@@@@@@@@
@@@@@@@@@@@@@@@@@@@@        @@@@@@@@@@
@@@@@@@@@@@@@@@@  @@  @@    @@@@@@@@@@
@@@@@@@@@@  @@@@  @@  @@    @@@@@@@@@@
@@@@@@@@@@        @@        @@@@@@@@@@
@@@@@@@@@@@@@@@@@@@@@@@@@@@@@@@@@@@@@@
@@@@@@@@@@@@@@@@@@@@@@@@@@@@@@@@@@@@@@
@@@@@@@@@@        @@        @@@@@@@@@@
@@@@@@@@@@    @@  @@  @@@@  @@@@@@@@@@
@@@@@@@@@@    @@  @@  @@@@  @@@@@@@@@@
@@@@@@@@@@        @@  @  @  @@@@@@@@@@
@@@@@@@@@@        @@        @@@@@@@@@@
@@@@@@@@@@@@@@@@@@@@@@@  @@@@@@@@@@@@@
@@@@@@@@@@@@@@@@@@@@@@@@@@@@@@@@@@@@@@
@@@@@@@@@@@@@@@@@@@@@@@@@@@@@@@@@@@@@@  Thank you for using jOOQ 3.8.6
                                      
2016-11-27 19:48:32 DEBUG LoggerListener:256 - Executing query          : select `gestionAccount`.`user`.`id`, `gestionAccount`.`user`.`first_name`, `gestionAccount`.`user`.`last_name`, `gestionAccount`.`user`.`email` from `gestionAccount`.`user`
2016-11-27 19:48:32 DEBUG StopWatch:256 - Query executed           : Total: 62.658ms
2016-11-27 19:48:32 DEBUG LoggerListener:256 - Fetched result           : +----+----------+---------+--------+
2016-11-27 19:48:32 DEBUG LoggerListener:256 -                          : |  id|first_name|last_name|email   |
2016-11-27 19:48:32 DEBUG LoggerListener:256 -                          : +----+----------+---------+--------+
2016-11-27 19:48:32 DEBUG LoggerListener:256 -                          : |   1|yousra    |elghzizal|y@hot.fr|
2016-11-27 19:48:32 DEBUG LoggerListener:256 -                          : |   2|fanny     |dibou    |f@hot.fr|
2016-11-27 19:48:32 DEBUG LoggerListener:256 -                          : |   3|jack      |david    |j@hot.fr|
2016-11-27 19:48:32 DEBUG LoggerListener:256 -                          : +----+----------+---------+--------+
2016-11-27 19:48:32 DEBUG StopWatch:256 - Finishing                : Total: 114.599ms, +51.94ms
2016-11-27 19:48:51 INFO  Constants:328 - 
                                      
@@@@@@@@@@@@@@@@@@@@@@@@@@@@@@@@@@@@@@
@@@@@@@@@@@@@@@@@@@@@@@@@@@@@@@@@@@@@@
@@@@@@@@@@@@@@@@  @@        @@@@@@@@@@
@@@@@@@@@@@@@@@@@@@@        @@@@@@@@@@
@@@@@@@@@@@@@@@@  @@  @@    @@@@@@@@@@
@@@@@@@@@@  @@@@  @@  @@    @@@@@@@@@@
@@@@@@@@@@        @@        @@@@@@@@@@
@@@@@@@@@@@@@@@@@@@@@@@@@@@@@@@@@@@@@@
@@@@@@@@@@@@@@@@@@@@@@@@@@@@@@@@@@@@@@
@@@@@@@@@@        @@        @@@@@@@@@@
@@@@@@@@@@    @@  @@  @@@@  @@@@@@@@@@
@@@@@@@@@@    @@  @@  @@@@  @@@@@@@@@@
@@@@@@@@@@        @@  @  @  @@@@@@@@@@
@@@@@@@@@@        @@        @@@@@@@@@@
@@@@@@@@@@@@@@@@@@@@@@@  @@@@@@@@@@@@@
@@@@@@@@@@@@@@@@@@@@@@@@@@@@@@@@@@@@@@
@@@@@@@@@@@@@@@@@@@@@@@@@@@@@@@@@@@@@@  Thank you for using jOOQ 3.8.6
                                      
2016-11-27 19:48:51 DEBUG LoggerListener:256 - Executing query          : select `gestionAccount`.`user`.`id`, `gestionAccount`.`user`.`first_name`, `gestionAccount`.`user`.`last_name`, `gestionAccount`.`user`.`email` from `gestionAccount`.`user` where `gestionAccount`.`user`.`id` = ?
2016-11-27 19:48:51 DEBUG LoggerListener:256 - -> with bind values      : select `gestionAccount`.`user`.`id`, `gestionAccount`.`user`.`first_name`, `gestionAccount`.`user`.`last_name`, `gestionAccount`.`user`.`email` from `gestionAccount`.`user` where `gestionAccount`.`user`.`id` = 1
2016-11-27 19:48:51 DEBUG StopWatch:256 - Query executed           : Total: 67.875ms
2016-11-27 19:48:51 DEBUG LoggerListener:256 - Fetched result           : +----+----------+---------+--------+
2016-11-27 19:48:51 DEBUG LoggerListener:256 -                          : |  id|first_name|last_name|email   |
2016-11-27 19:48:51 DEBUG LoggerListener:256 -                          : +----+----------+---------+--------+
2016-11-27 19:48:51 DEBUG LoggerListener:256 -                          : |   1|yousra    |elghzizal|y@hot.fr|
2016-11-27 19:48:51 DEBUG LoggerListener:256 -                          : +----+----------+---------+--------+
2016-11-27 19:48:51 DEBUG StopWatch:256 - Finishing                : Total: 132.335ms, +64.46ms
2016-11-27 19:49:09 INFO  Constants:328 - 
                                      
@@@@@@@@@@@@@@@@@@@@@@@@@@@@@@@@@@@@@@
@@@@@@@@@@@@@@@@@@@@@@@@@@@@@@@@@@@@@@
@@@@@@@@@@@@@@@@  @@        @@@@@@@@@@
@@@@@@@@@@@@@@@@@@@@        @@@@@@@@@@
@@@@@@@@@@@@@@@@  @@  @@    @@@@@@@@@@
@@@@@@@@@@  @@@@  @@  @@    @@@@@@@@@@
@@@@@@@@@@        @@        @@@@@@@@@@
@@@@@@@@@@@@@@@@@@@@@@@@@@@@@@@@@@@@@@
@@@@@@@@@@@@@@@@@@@@@@@@@@@@@@@@@@@@@@
@@@@@@@@@@        @@        @@@@@@@@@@
@@@@@@@@@@    @@  @@  @@@@  @@@@@@@@@@
@@@@@@@@@@    @@  @@  @@@@  @@@@@@@@@@
@@@@@@@@@@        @@  @  @  @@@@@@@@@@
@@@@@@@@@@        @@        @@@@@@@@@@
@@@@@@@@@@@@@@@@@@@@@@@  @@@@@@@@@@@@@
@@@@@@@@@@@@@@@@@@@@@@@@@@@@@@@@@@@@@@
@@@@@@@@@@@@@@@@@@@@@@@@@@@@@@@@@@@@@@  Thank you for using jOOQ 3.8.6
                                      
2016-11-27 19:49:10 DEBUG LoggerListener:256 - Executing query          : select `gestionAccount`.`account`.`id`, `gestionAccount`.`account`.`id_u`, `gestionAccount`.`account`.`name` from `gestionAccount`.`account` where `gestionAccount`.`account`.`name` like ?
2016-11-27 19:49:10 DEBUG LoggerListener:256 - -> with bind values      : select `gestionAccount`.`account`.`id`, `gestionAccount`.`account`.`id_u`, `gestionAccount`.`account`.`name` from `gestionAccount`.`account` where `gestionAccount`.`account`.`name` like 'acc%'
2016-11-27 19:49:10 DEBUG StopWatch:256 - Query executed           : Total: 63.689ms
2016-11-27 19:49:10 DEBUG LoggerListener:256 - Fetched result           : +----+----+--------+
2016-11-27 19:49:10 DEBUG LoggerListener:256 -                          : |  id|id_u|name    |
2016-11-27 19:49:10 DEBUG LoggerListener:256 -                          : +----+----+--------+
2016-11-27 19:49:10 DEBUG LoggerListener:256 -                          : |   1|   2|account1|
2016-11-27 19:49:10 DEBUG LoggerListener:256 -                          : |   2|   3|account2|
2016-11-27 19:49:10 DEBUG LoggerListener:256 -                          : |   3|   2|account3|
2016-11-27 19:49:10 DEBUG LoggerListener:256 -                          : |   4|   2|account4|
2016-11-27 19:49:10 DEBUG LoggerListener:256 -                          : |   5|   1|account5|
2016-11-27 19:49:10 DEBUG LoggerListener:256 -                          : +----+----+--------+
2016-11-27 19:49:10 DEBUG StopWatch:256 - Finishing                : Total: 120.27ms, +56.58ms
2016-11-27 19:49:26 INFO  Constants:328 - 
                                      
@@@@@@@@@@@@@@@@@@@@@@@@@@@@@@@@@@@@@@
@@@@@@@@@@@@@@@@@@@@@@@@@@@@@@@@@@@@@@
@@@@@@@@@@@@@@@@  @@        @@@@@@@@@@
@@@@@@@@@@@@@@@@@@@@        @@@@@@@@@@
@@@@@@@@@@@@@@@@  @@  @@    @@@@@@@@@@
@@@@@@@@@@  @@@@  @@  @@    @@@@@@@@@@
@@@@@@@@@@        @@        @@@@@@@@@@
@@@@@@@@@@@@@@@@@@@@@@@@@@@@@@@@@@@@@@
@@@@@@@@@@@@@@@@@@@@@@@@@@@@@@@@@@@@@@
@@@@@@@@@@        @@        @@@@@@@@@@
@@@@@@@@@@    @@  @@  @@@@  @@@@@@@@@@
@@@@@@@@@@    @@  @@  @@@@  @@@@@@@@@@
@@@@@@@@@@        @@  @  @  @@@@@@@@@@
@@@@@@@@@@        @@        @@@@@@@@@@
@@@@@@@@@@@@@@@@@@@@@@@  @@@@@@@@@@@@@
@@@@@@@@@@@@@@@@@@@@@@@@@@@@@@@@@@@@@@
@@@@@@@@@@@@@@@@@@@@@@@@@@@@@@@@@@@@@@  Thank you for using jOOQ 3.8.6
                                      
2016-11-27 19:49:26 DEBUG LoggerListener:256 - Executing query          : select `gestionAccount`.`account`.`name` from `gestionAccount`.`account` where `gestionAccount`.`account`.`id_u` is not null
2016-11-27 19:49:26 DEBUG StopWatch:256 - Query executed           : Total: 34.254ms
2016-11-27 19:49:26 DEBUG LoggerListener:256 - Fetched result           : +--------+
2016-11-27 19:49:26 DEBUG LoggerListener:256 -                          : |name    |
2016-11-27 19:49:26 DEBUG LoggerListener:256 -                          : +--------+
2016-11-27 19:49:26 DEBUG LoggerListener:256 -                          : |account1|
2016-11-27 19:49:26 DEBUG LoggerListener:256 -                          : |account2|
2016-11-27 19:49:26 DEBUG LoggerListener:256 -                          : |account3|
2016-11-27 19:49:26 DEBUG LoggerListener:256 -                          : |account4|
2016-11-27 19:49:26 DEBUG LoggerListener:256 -                          : |account5|
2016-11-27 19:49:26 DEBUG LoggerListener:256 -                          : +--------+
2016-11-27 19:49:26 DEBUG StopWatch:256 - Finishing                : Total: 119.183ms, +84.928ms
2016-11-27 20:00:59 INFO  Constants:328 - 
                                      
@@@@@@@@@@@@@@@@@@@@@@@@@@@@@@@@@@@@@@
@@@@@@@@@@@@@@@@@@@@@@@@@@@@@@@@@@@@@@
@@@@@@@@@@@@@@@@  @@        @@@@@@@@@@
@@@@@@@@@@@@@@@@@@@@        @@@@@@@@@@
@@@@@@@@@@@@@@@@  @@  @@    @@@@@@@@@@
@@@@@@@@@@  @@@@  @@  @@    @@@@@@@@@@
@@@@@@@@@@        @@        @@@@@@@@@@
@@@@@@@@@@@@@@@@@@@@@@@@@@@@@@@@@@@@@@
@@@@@@@@@@@@@@@@@@@@@@@@@@@@@@@@@@@@@@
@@@@@@@@@@        @@        @@@@@@@@@@
@@@@@@@@@@    @@  @@  @@@@  @@@@@@@@@@
@@@@@@@@@@    @@  @@  @@@@  @@@@@@@@@@
@@@@@@@@@@        @@  @  @  @@@@@@@@@@
@@@@@@@@@@        @@        @@@@@@@@@@
@@@@@@@@@@@@@@@@@@@@@@@  @@@@@@@@@@@@@
@@@@@@@@@@@@@@@@@@@@@@@@@@@@@@@@@@@@@@
@@@@@@@@@@@@@@@@@@@@@@@@@@@@@@@@@@@@@@  Thank you for using jOOQ 3.8.6
                                      
2016-11-27 20:00:59 DEBUG LoggerListener:256 - Executing query          : select `gestionAccount`.`user`.`first_name`, `gestionAccount`.`account`.`id`, `gestionAccount`.`account`.`name` from `gestionAccount`.`account` join `gestionAccount`.`user` on `gestionAccount`.`user`.`id` = `gestionAccount`.`account`.`id_u`
2016-11-27 20:00:59 DEBUG StopWatch:256 - Query executed           : Total: 28.904ms
2016-11-27 20:00:59 DEBUG LoggerListener:256 - Fetched result           : +----------+----+--------+
2016-11-27 20:00:59 DEBUG LoggerListener:256 -                          : |first_name|  id|name    |
2016-11-27 20:00:59 DEBUG LoggerListener:256 -                          : +----------+----+--------+
2016-11-27 20:00:59 DEBUG LoggerListener:256 -                          : |fanny     |   1|account1|
2016-11-27 20:00:59 DEBUG LoggerListener:256 -                          : |jack      |   2|account2|
2016-11-27 20:00:59 DEBUG LoggerListener:256 -                          : |fanny     |   3|account3|
2016-11-27 20:00:59 DEBUG LoggerListener:256 -                          : |fanny     |   4|account4|
2016-11-27 20:00:59 DEBUG LoggerListener:256 -                          : |yousra    |   5|account5|
2016-11-27 20:00:59 DEBUG LoggerListener:256 -                          : +----------+----+--------+
2016-11-27 20:00:59 DEBUG StopWatch:256 - Finishing                : Total: 102.467ms, +73.562ms
2016-11-27 20:09:42 INFO  Constants:328 - 
                                      
@@@@@@@@@@@@@@@@@@@@@@@@@@@@@@@@@@@@@@
@@@@@@@@@@@@@@@@@@@@@@@@@@@@@@@@@@@@@@
@@@@@@@@@@@@@@@@  @@        @@@@@@@@@@
@@@@@@@@@@@@@@@@@@@@        @@@@@@@@@@
@@@@@@@@@@@@@@@@  @@  @@    @@@@@@@@@@
@@@@@@@@@@  @@@@  @@  @@    @@@@@@@@@@
@@@@@@@@@@        @@        @@@@@@@@@@
@@@@@@@@@@@@@@@@@@@@@@@@@@@@@@@@@@@@@@
@@@@@@@@@@@@@@@@@@@@@@@@@@@@@@@@@@@@@@
@@@@@@@@@@        @@        @@@@@@@@@@
@@@@@@@@@@    @@  @@  @@@@  @@@@@@@@@@
@@@@@@@@@@    @@  @@  @@@@  @@@@@@@@@@
@@@@@@@@@@        @@  @  @  @@@@@@@@@@
@@@@@@@@@@        @@        @@@@@@@@@@
@@@@@@@@@@@@@@@@@@@@@@@  @@@@@@@@@@@@@
@@@@@@@@@@@@@@@@@@@@@@@@@@@@@@@@@@@@@@
@@@@@@@@@@@@@@@@@@@@@@@@@@@@@@@@@@@@@@  Thank you for using jOOQ 3.8.6
                                      
2016-11-27 20:09:42 DEBUG LoggerListener:256 - Executing query          : select `gestionAccount`.`user`.`first_name`, `gestionAccount`.`account`.`id`, `gestionAccount`.`account`.`name` from `gestionAccount`.`account` join `gestionAccount`.`user` on `gestionAccount`.`user`.`id` = `gestionAccount`.`account`.`id_u`
2016-11-27 20:09:42 DEBUG StopWatch:256 - Query executed           : Total: 32.618ms
2016-11-27 20:09:42 DEBUG LoggerListener:256 - Fetched result           : +----------+----+--------+
2016-11-27 20:09:42 DEBUG LoggerListener:256 -                          : |first_name|  id|name    |
2016-11-27 20:09:42 DEBUG LoggerListener:256 -                          : +----------+----+--------+
2016-11-27 20:09:42 DEBUG LoggerListener:256 -                          : |fanny     |   1|account1|
2016-11-27 20:09:42 DEBUG LoggerListener:256 -                          : |jack      |   2|account2|
2016-11-27 20:09:42 DEBUG LoggerListener:256 -                          : |fanny     |   3|account3|
2016-11-27 20:09:42 DEBUG LoggerListener:256 -                          : |fanny     |   4|account4|
2016-11-27 20:09:42 DEBUG LoggerListener:256 -                          : |yousra    |   5|account5|
2016-11-27 20:09:42 DEBUG LoggerListener:256 -                          : +----------+----+--------+
2016-11-27 20:09:42 DEBUG StopWatch:256 - Finishing                : Total: 109.209ms, +76.59ms
2016-11-27 20:17:10 INFO  Constants:328 - 
                                      
@@@@@@@@@@@@@@@@@@@@@@@@@@@@@@@@@@@@@@
@@@@@@@@@@@@@@@@@@@@@@@@@@@@@@@@@@@@@@
@@@@@@@@@@@@@@@@  @@        @@@@@@@@@@
@@@@@@@@@@@@@@@@@@@@        @@@@@@@@@@
@@@@@@@@@@@@@@@@  @@  @@    @@@@@@@@@@
@@@@@@@@@@  @@@@  @@  @@    @@@@@@@@@@
@@@@@@@@@@        @@        @@@@@@@@@@
@@@@@@@@@@@@@@@@@@@@@@@@@@@@@@@@@@@@@@
@@@@@@@@@@@@@@@@@@@@@@@@@@@@@@@@@@@@@@
@@@@@@@@@@        @@        @@@@@@@@@@
@@@@@@@@@@    @@  @@  @@@@  @@@@@@@@@@
@@@@@@@@@@    @@  @@  @@@@  @@@@@@@@@@
@@@@@@@@@@        @@  @  @  @@@@@@@@@@
@@@@@@@@@@        @@        @@@@@@@@@@
@@@@@@@@@@@@@@@@@@@@@@@  @@@@@@@@@@@@@
@@@@@@@@@@@@@@@@@@@@@@@@@@@@@@@@@@@@@@
@@@@@@@@@@@@@@@@@@@@@@@@@@@@@@@@@@@@@@  Thank you for using jOOQ 3.8.6
                                      
2016-11-27 20:17:10 DEBUG LoggerListener:256 - Executing query          : select `gestionAccount`.`user`.`first_name`, `gestionAccount`.`account`.`id`, `gestionAccount`.`account`.`name` from `gestionAccount`.`account` join `gestionAccount`.`user` on `gestionAccount`.`user`.`id` = `gestionAccount`.`account`.`id_u`
2016-11-27 20:17:10 DEBUG StopWatch:256 - Query executed           : Total: 31.631ms
2016-11-27 20:17:10 DEBUG LoggerListener:256 - Fetched result           : +----------+----+--------+
2016-11-27 20:17:10 DEBUG LoggerListener:256 -                          : |first_name|  id|name    |
2016-11-27 20:17:10 DEBUG LoggerListener:256 -                          : +----------+----+--------+
2016-11-27 20:17:10 DEBUG LoggerListener:256 -                          : |fanny     |   1|account1|
2016-11-27 20:17:10 DEBUG LoggerListener:256 -                          : |jack      |   2|account2|
2016-11-27 20:17:10 DEBUG LoggerListener:256 -                          : |fanny     |   3|account3|
2016-11-27 20:17:10 DEBUG LoggerListener:256 -                          : |fanny     |   4|account4|
2016-11-27 20:17:10 DEBUG LoggerListener:256 -                          : |yousra    |   5|account5|
2016-11-27 20:17:10 DEBUG LoggerListener:256 -                          : +----------+----+--------+
2016-11-27 20:17:10 DEBUG StopWatch:256 - Finishing                : Total: 112.672ms, +81.04ms
